2022-03-31 19:50:34,896 - Log4JLogChute initialized using file 'target\velocity.log'
2022-03-31 19:50:34,897 - Initializing Velocity, Calling init()...
2022-03-31 19:50:34,898 - Starting Apache Velocity v1.7 (compiled: 2010-11-19 12:14:37)
2022-03-31 19:50:34,898 - Default Properties File: org\apache\velocity\runtime\defaults\velocity.properties
2022-03-31 19:50:34,898 - Trying to use logger class org.apache.velocity.runtime.log.AvalonLogChute
2022-03-31 19:50:34,898 - Target log system for org.apache.velocity.runtime.log.AvalonLogChute is not available (java.lang.NoClassDefFoundError: org/apache/log/format/Formatter).  Falling back to next log system...
2022-03-31 19:50:34,898 - Trying to use logger class org.apache.velocity.runtime.log.Log4JLogChute
2022-03-31 19:50:34,899 - Using logger class org.apache.velocity.runtime.log.Log4JLogChute
2022-03-31 19:50:34,915 - ResourceLoader instantiated: org.apache.velocity.runtime.resource.loader.ClasspathResourceLoader
2022-03-31 19:50:34,942 - ResourceCache: initialized (class org.apache.velocity.runtime.resource.ResourceCacheImpl) with class java.util.Collections$SynchronizedMap cache map.
2022-03-31 19:50:34,946 - Loaded System Directive: org.apache.velocity.runtime.directive.Stop
2022-03-31 19:50:34,949 - Loaded System Directive: org.apache.velocity.runtime.directive.Define
2022-03-31 19:50:34,950 - Loaded System Directive: org.apache.velocity.runtime.directive.Break
2022-03-31 19:50:34,952 - Loaded System Directive: org.apache.velocity.runtime.directive.Evaluate
2022-03-31 19:50:34,953 - Loaded System Directive: org.apache.velocity.runtime.directive.Literal
2022-03-31 19:50:34,955 - Loaded System Directive: org.apache.velocity.runtime.directive.Macro
2022-03-31 19:50:34,958 - Loaded System Directive: org.apache.velocity.runtime.directive.Parse
2022-03-31 19:50:34,961 - Loaded System Directive: org.apache.velocity.runtime.directive.Include
2022-03-31 19:50:34,964 - Loaded System Directive: org.apache.velocity.runtime.directive.Foreach
2022-03-31 19:50:35,017 - Created '20' parsers.
2022-03-31 19:50:35,025 - Velocimacro : "velocimacro.library" is not set.  Trying default library: VM_global_library.vm
2022-03-31 19:50:35,027 - Could not load resource 'VM_global_library.vm' from ResourceLoader org.apache.velocity.runtime.resource.loader.ClasspathResourceLoader: ClasspathResourceLoader Error: cannot find resource VM_global_library.vm
2022-03-31 19:50:35,027 - Velocimacro : Default library not found.
2022-03-31 19:50:35,027 - Velocimacro : allowInline = true : VMs can be defined inline in templates
2022-03-31 19:50:35,027 - Velocimacro : allowInlineToOverride = false : VMs defined inline may NOT replace previous VM definitions
2022-03-31 19:50:35,027 - Velocimacro : allowInlineLocal = false : VMs defined inline will be global in scope if allowed.
2022-03-31 19:50:35,028 - Velocimacro : autoload off : VM system will not automatically reload global library macros
2022-03-31 19:50:35,190 - ResourceManager : found templates/generators/errorpage.vm with loader org.apache.velocity.runtime.resource.loader.ClasspathResourceLoader
2022-03-31 19:50:35,200 - ResourceManager : found /templates/headers.vm with loader org.apache.velocity.runtime.resource.loader.ClasspathResourceLoader
2022-03-31 19:50:35,201 - ResourceManager : found /templates/head.vm with loader org.apache.velocity.runtime.resource.loader.ClasspathResourceLoader
2022-03-31 19:50:35,207 - Velocimacro : added VM stringArray: source=/templates/macros/array.js.vm
2022-03-31 19:50:35,207 - Velocimacro : added VM numberArray: source=/templates/macros/array.js.vm
2022-03-31 19:50:35,207 - ResourceManager : found /templates/macros/array.js.vm with loader org.apache.velocity.runtime.resource.loader.ClasspathResourceLoader
2022-03-31 19:50:35,213 - Velocimacro : added VM includeBuildInfo: source=/templates/macros/page/buildinfo.vm
2022-03-31 19:50:35,213 - ResourceManager : found /templates/macros/page/buildinfo.vm with loader org.apache.velocity.runtime.resource.loader.ClasspathResourceLoader
2022-03-31 19:50:35,223 - Velocimacro : added VM includeClassifications: source=/templates/macros/page/classifications.vm
2022-03-31 19:50:35,223 - ResourceManager : found /templates/macros/page/classifications.vm with loader org.apache.velocity.runtime.resource.loader.ClasspathResourceLoader
2022-03-31 19:50:35,226 - Velocimacro : added VM includeLead: source=/templates/macros/page/lead.vm
2022-03-31 19:50:35,227 - ResourceManager : found /templates/macros/page/lead.vm with loader org.apache.velocity.runtime.resource.loader.ClasspathResourceLoader
2022-03-31 19:50:35,243 - Velocimacro : added VM includeNavigation: source=/templates/macros/page/navigation.vm
2022-03-31 19:50:35,244 - ResourceManager : found /templates/macros/page/navigation.vm with loader org.apache.velocity.runtime.resource.loader.ClasspathResourceLoader
2022-03-31 19:50:35,248 - Velocimacro : added VM includeReportInfo: source=/templates/macros/page/reportInfo.vm
2022-03-31 19:50:35,248 - ResourceManager : found /templates/macros/page/reportInfo.vm with loader org.apache.velocity.runtime.resource.loader.ClasspathResourceLoader
2022-03-31 19:50:35,251 - Velocimacro : added VM includeTitle: source=/templates/macros/page/title.vm
2022-03-31 19:50:35,251 - ResourceManager : found /templates/macros/page/title.vm with loader org.apache.velocity.runtime.resource.loader.ClasspathResourceLoader
2022-03-31 19:50:35,253 - Velocimacro : added VM includeExpandingButtons: source=/templates/macros/report/expandAllButtons.vm
2022-03-31 19:50:35,253 - ResourceManager : found /templates/macros/report/expandAllButtons.vm with loader org.apache.velocity.runtime.resource.loader.ClasspathResourceLoader
2022-03-31 19:50:35,261 - Velocimacro : added VM includeReportTable: source=/templates/macros/report/reportTable.vm
2022-03-31 19:50:35,261 - ResourceManager : found /templates/macros/report/reportTable.vm with loader org.apache.velocity.runtime.resource.loader.ClasspathResourceLoader
2022-03-31 19:50:35,264 - Velocimacro : added VM includeReportHeader: source=/templates/macros/report/reportHeader.vm
2022-03-31 19:50:35,264 - ResourceManager : found /templates/macros/report/reportHeader.vm with loader org.apache.velocity.runtime.resource.loader.ClasspathResourceLoader
2022-03-31 19:50:35,273 - Velocimacro : added VM includeStatsTable: source=/templates/macros/report/statsTable.vm
2022-03-31 19:50:35,273 - ResourceManager : found /templates/macros/report/statsTable.vm with loader org.apache.velocity.runtime.resource.loader.ClasspathResourceLoader
2022-03-31 19:50:35,275 - Velocimacro : added VM includeBrief: source=/templates/macros/json/brief.vm
2022-03-31 19:50:35,275 - ResourceManager : found /templates/macros/json/brief.vm with loader org.apache.velocity.runtime.resource.loader.ClasspathResourceLoader
2022-03-31 19:50:35,277 - Velocimacro : added VM includeDocString: source=/templates/macros/json/docstring.vm
2022-03-31 19:50:35,278 - ResourceManager : found /templates/macros/json/docstring.vm with loader org.apache.velocity.runtime.resource.loader.ClasspathResourceLoader
2022-03-31 19:50:35,280 - Velocimacro : added VM includeDuration: source=/templates/macros/json/duration.vm
2022-03-31 19:50:35,280 - ResourceManager : found /templates/macros/json/duration.vm with loader org.apache.velocity.runtime.resource.loader.ClasspathResourceLoader
2022-03-31 19:50:35,286 - Velocimacro : added VM includeElement: source=/templates/macros/json/element.vm
2022-03-31 19:50:35,286 - ResourceManager : found /templates/macros/json/element.vm with loader org.apache.velocity.runtime.resource.loader.ClasspathResourceLoader
2022-03-31 19:50:35,300 - Velocimacro : added VM includeEmbeddings: source=/templates/macros/json/embeddings.vm
2022-03-31 19:50:35,301 - Velocimacro : added VM includeHtmlEmbedding: source=/templates/macros/json/embeddings.vm
2022-03-31 19:50:35,301 - Velocimacro : added VM includeVideoEmbedding: source=/templates/macros/json/embeddings.vm
2022-03-31 19:50:35,301 - Velocimacro : added VM includeImageEmbedding: source=/templates/macros/json/embeddings.vm
2022-03-31 19:50:35,302 - Velocimacro : added VM includeImageReferenceEmbedding: source=/templates/macros/json/embeddings.vm
2022-03-31 19:50:35,302 - Velocimacro : added VM includeTextEmbedding: source=/templates/macros/json/embeddings.vm
2022-03-31 19:50:35,302 - Velocimacro : added VM includeUnknownEmbedding: source=/templates/macros/json/embeddings.vm
2022-03-31 19:50:35,303 - ResourceManager : found /templates/macros/json/embeddings.vm with loader org.apache.velocity.runtime.resource.loader.ClasspathResourceLoader
2022-03-31 19:50:35,306 - Velocimacro : added VM includeHooks: source=/templates/macros/json/hooks.vm
2022-03-31 19:50:35,307 - ResourceManager : found /templates/macros/json/hooks.vm with loader org.apache.velocity.runtime.resource.loader.ClasspathResourceLoader
2022-03-31 19:50:35,310 - Velocimacro : added VM includeOutput: source=/templates/macros/json/output.vm
2022-03-31 19:50:35,310 - ResourceManager : found /templates/macros/json/output.vm with loader org.apache.velocity.runtime.resource.loader.ClasspathResourceLoader
2022-03-31 19:50:35,313 - Velocimacro : added VM includeMessage: source=/templates/macros/json/message.vm
2022-03-31 19:50:35,313 - ResourceManager : found /templates/macros/json/message.vm with loader org.apache.velocity.runtime.resource.loader.ClasspathResourceLoader
2022-03-31 19:50:35,317 - Velocimacro : added VM includeSteps: source=/templates/macros/json/steps.vm
2022-03-31 19:50:35,317 - ResourceManager : found /templates/macros/json/steps.vm with loader org.apache.velocity.runtime.resource.loader.ClasspathResourceLoader
2022-03-31 19:50:35,319 - Velocimacro : added VM includeStepName: source=/templates/macros/json/stepName.vm
2022-03-31 19:50:35,320 - ResourceManager : found /templates/macros/json/stepName.vm with loader org.apache.velocity.runtime.resource.loader.ClasspathResourceLoader
2022-03-31 19:50:35,321 - Velocimacro : added VM includeTags: source=/templates/macros/json/tags.vm
2022-03-31 19:50:35,322 - ResourceManager : found /templates/macros/json/tags.vm with loader org.apache.velocity.runtime.resource.loader.ClasspathResourceLoader
2022-03-31 19:50:35,336 - VM #includeNavigation: too few arguments to macro. Wanted 1 got 0
2022-03-31 19:50:35,338 - Left side ($active_tab) of '==' operation has null value. If it is a reference, it may not be in the context or its toString() returned null. /templates/macros/page/navigation.vm[line 14, column 51]
2022-03-31 19:50:35,338 - Left side ($active_tab) of '==' operation has null value. If it is a reference, it may not be in the context or its toString() returned null. /templates/macros/page/navigation.vm[line 15, column 51]
2022-03-31 19:50:35,339 - Left side ($active_tab) of '==' operation has null value. If it is a reference, it may not be in the context or its toString() returned null. /templates/macros/page/navigation.vm[line 16, column 51]
2022-03-31 19:50:35,339 - Left side ($active_tab) of '==' operation has null value. If it is a reference, it may not be in the context or its toString() returned null. /templates/macros/page/navigation.vm[line 20, column 51]
2022-03-31 19:50:35,379 - ResourceManager : found /templates/footer.vm with loader org.apache.velocity.runtime.resource.loader.ClasspathResourceLoader
